<?xml version="1.0" encoding="UTF-8"?>
<!-- Generated by org.testng.reporters.JUnitReportReporter -->
<testsuite hostname="DESKTOP-67GLAQL" failures="0" tests="7" name="Test_3.Test_D_1" time="50.919" errors="0" timestamp="2022-08-17T22:28:05 IST" skipped="0">
  <testcase classname="Test_3.Test_D_1" name="Test1" time="7.419"/>
  <system-out/>
  <testcase classname="Test_3.Test_D_1" name="Test2" time="5.564"/>
  <system-out/>
  <testcase classname="Test_3.Test_D_1" name="Test2" time="7.874"/>
  <system-out/>
  <testcase classname="Test_3.Test_D_1" name="Test4" time="8.250"/>
  <system-out/>
  <testcase classname="Test_3.Test_D_1" name="Test1" time="7.954"/>
  <system-out/>
  <testcase classname="Test_3.Test_D_1" name="Test3" time="8.220"/>
  <system-out/>
  <testcase classname="Test_3.Test_D_1" name="Test4" time="5.638"/>
  <system-out/>
</testsuite> <!-- Test_3.Test_D_1 -->
