<?xml version="1.0" encoding="UTF-8"?>
<!-- Generated by org.testng.reporters.JUnitReportReporter -->
<testsuite hostname="DESKTOP-67GLAQL" failures="0" tests="3" name="Test2.Test_D_6" time="0.005" errors="0" timestamp="2022-08-17T15:19:26 IST" skipped="1">
  <testcase classname="Test2.Test_D_6" name="C" time="0.002"/>
  <system-out/>
  <testcase classname="Test2.Test_D_6" name="A" time="0.003"/>
  <system-out/>
  <testcase classname="Test2.Test_D_6" name="B">
    <skipped/>
  </testcase> <!-- B -->
  <system-out/>
</testsuite> <!-- Test2.Test_D_6 -->
