<?xml version="1.0" encoding="UTF-8"?>
<!-- Generated by org.testng.reporters.JUnitReportReporter -->
<testsuite hostname="DESKTOP-67GLAQL" failures="0" tests="3" name="Test2.Test_D_4" time="25.626" errors="0" timestamp="2022-08-17T15:19:26 IST" skipped="0">
  <testcase classname="Test2.Test_D_4" name="Test1" time="10.117"/>
  <system-out/>
  <testcase classname="Test2.Test_D_4" name="Test2" time="6.601"/>
  <system-out/>
  <testcase classname="Test2.Test_D_4" name="Test3" time="8.908"/>
  <system-out/>
</testsuite> <!-- Test2.Test_D_4 -->
