<?xml version="1.0" encoding="UTF-8"?>
<!-- Generated by org.testng.reporters.JUnitReportReporter -->
<testsuite hostname="DESKTOP-67GLAQL" failures="0" tests="1" name="Test2.Test_D_5" time="19.221" errors="0" timestamp="2022-08-17T15:19:26 IST" skipped="0">
  <testcase classname="Test2.Test_D_5" name="verifytest_001" time="19.221"/>
  <system-out/>
</testsuite> <!-- Test2.Test_D_5 -->
