<?xml version="1.0" encoding="UTF-8"?>
<!-- Generated by org.testng.reporters.JUnitReportReporter -->
<testsuite hostname="DESKTOP-67GLAQL" failures="0" tests="1" name="Test2.Test_D_3" time="7.914" errors="0" timestamp="2022-08-15T23:27:37 IST" skipped="0">
  <testcase classname="Test2.Test_D_3" name="test1" time="7.914"/>
  <system-out/>
</testsuite> <!-- Test2.Test_D_3 -->
