<?xml version="1.0" encoding="UTF-8"?>
<!-- Generated by org.testng.reporters.JUnitReportReporter -->
<testsuite hostname="DESKTOP-67GLAQL" failures="0" tests="3" name="Test2.Test_D_1" time="0.024" errors="0" timestamp="2022-08-15T22:57:47 IST" skipped="0">
  <testcase classname="Test2.Test_D_1" name="test_tc_002" time="0.002"/>
  <system-out/>
  <testcase classname="Test2.Test_D_1" name="test_tc_001" time="0.020"/>
  <system-out/>
  <testcase classname="Test2.Test_D_1" name="test_tc_003" time="0.002"/>
  <system-out/>
</testsuite> <!-- Test2.Test_D_1 -->
