<?xml version="1.0" encoding="UTF-8"?>
<!-- Generated by org.testng.reporters.JUnitReportReporter -->
<testsuite hostname="DESKTOP-67GLAQL" failures="0" tests="4" name="Test2.Test_D_8" time="0.049" errors="0" timestamp="2022-08-17T15:47:32 IST" skipped="0">
  <testcase classname="Test2.Test_D_8" name="D" time="0.003"/>
  <system-out/>
  <testcase classname="Test2.Test_D_8" name="A" time="0.019"/>
  <system-out/>
  <testcase classname="Test2.Test_D_8" name="C" time="0.009"/>
  <system-out/>
  <testcase classname="Test2.Test_D_8" name="B" time="0.018"/>
  <system-out/>
</testsuite> <!-- Test2.Test_D_8 -->
